<?xml version="1.0" encoding="UTF-8"?>
<!-- Generated by org.testng.reporters.JUnitReportReporter -->
<testsuite hostname="Faisal" name="bdd.runners.RunnerClass" tests="1" failures="0" timestamp="19 Jul 2020 00:23:11 GMT" time="25.332" errors="0">
  <testcase name="feature" time="25.332" classname="bdd.runners.RunnerClass"/>
</testsuite> <!-- bdd.runners.RunnerClass -->
