<?xml version="1.0" encoding="UTF-8"?>
<!-- Generated by org.testng.reporters.JUnitReportReporter -->
<testsuite hostname="Faisal" name="bdd.runners.RunnerClass" tests="1" failures="0" timestamp="26 Jul 2020 00:31:16 GMT" time="58.453" errors="0">
  <testcase name="feature" time="58.453" classname="bdd.runners.RunnerClass"/>
</testsuite> <!-- bdd.runners.RunnerClass -->
